fatal: not a git repository (or any of the parent directories): .git
No changes to commit
fatal: not a git repository (or any of the parent directories): .git
No changes to commit
[main 5d83ad6] Daily automatic update: 2025-07-21 11:52:01
 4 files changed, 7 insertions(+)
 create mode 100644 cron.log
To https://github.com/yui33331/test.git
   f89bc7f..5d83ad6  main -> main
branch 'main' set up to track 'origin/main'.
Push completed successfully!
[main 679f1cf] Daily automatic update: 2025-07-22 04:15:01
 2 files changed, 8 insertions(+)
To https://github.com/yui33331/test.git
   5d83ad6..679f1cf  main -> main
branch 'main' set up to track 'origin/main'.
Push completed successfully!
[main affc582] Daily automatic update: 2025-07-23 04:15:01
 2 files changed, 7 insertions(+)
To https://github.com/yui33331/test.git
   679f1cf..affc582  main -> main
branch 'main' set up to track 'origin/main'.
Push completed successfully!
[main 32789c1] Daily automatic update: 2025-07-24 04:15:01
 2 files changed, 7 insertions(+)
To https://github.com/yui33331/test.git
   affc582..32789c1  main -> main
branch 'main' set up to track 'origin/main'.
Push completed successfully!
[main d2cdf9b] Daily automatic update: 2025-07-25 04:15:01
 2 files changed, 7 insertions(+)
To https://github.com/yui33331/test.git
   32789c1..d2cdf9b  main -> main
branch 'main' set up to track 'origin/main'.
Push completed successfully!
[main a5da1a6] Daily automatic update: 2025-07-26 04:15:01
 2 files changed, 7 insertions(+)
To https://github.com/yui33331/test.git
   d2cdf9b..a5da1a6  main -> main
branch 'main' set up to track 'origin/main'.
Push completed successfully!
[main 143ed69] Daily automatic update: 2025-07-27 04:15:01
 2 files changed, 7 insertions(+)
To https://github.com/yui33331/test.git
   a5da1a6..143ed69  main -> main
branch 'main' set up to track 'origin/main'.
Push completed successfully!
[main c13cf39] Daily automatic update: 2025-07-28 04:15:01
 2 files changed, 7 insertions(+)
To https://github.com/yui33331/test.git
   143ed69..c13cf39  main -> main
branch 'main' set up to track 'origin/main'.
Push completed successfully!
[main 71a1d0d] Daily automatic update: 2025-07-29 04:15:01
 2 files changed, 7 insertions(+)
To https://github.com/yui33331/test.git
   c13cf39..71a1d0d  main -> main
branch 'main' set up to track 'origin/main'.
Push completed successfully!
[main fd4f8f4] Daily automatic update: 2025-07-30 04:15:01
 2 files changed, 7 insertions(+)
To https://github.com/yui33331/test.git
   71a1d0d..fd4f8f4  main -> main
branch 'main' set up to track 'origin/main'.
Push completed successfully!
[main 0dbd007] Daily automatic update: 2025-07-31 04:15:01
 2 files changed, 7 insertions(+)
To https://github.com/yui33331/test.git
   fd4f8f4..0dbd007  main -> main
branch 'main' set up to track 'origin/main'.
Push completed successfully!
[main 4792801] Daily automatic update: 2025-08-01 04:15:01
 2 files changed, 7 insertions(+)
To https://github.com/yui33331/test.git
   0dbd007..4792801  main -> main
branch 'main' set up to track 'origin/main'.
Push completed successfully!
